<?xml version="1.0" encoding="UTF-8"?>
<testsuite xmlns:xsi="http://www.w3.org/2001/XMLSchema-instance" xsi:noNamespaceSchemaLocation="https://maven.apache.org/surefire/maven-surefire-plugin/xsd/surefire-test-report-3.0.xsd" version="3.0" name="runners.RunnerClass" time="10.361" tests="1" errors="0" skipped="0" failures="1">
  <properties>
[...]
</properties>
  <testcase name="Valid admin login" classname="Login related scenarios" time="8.859">
    <failure message="expected:&lt;Welcome Admi[]&gt; but was:&lt;Welcome Admi[n]&gt;" type="org.junit.ComparisonFailure"><![CDATA[org.junit.ComparisonFailure: expected:<Welcome Admi[]> but was:<Welcome Admi[n]>
	at org.junit.Assert.assertEquals(Assert.java:117)
	at org.junit.Assert.assertEquals(Assert.java:146)
	at steps.LoginSteps.user_is_successfully_logged_in_the_application(LoginSteps.java:43)
	at ✽.user is successfully logged in the application(file:///C:/Users/moazzam/Desktop/anotn/CucumberBatch16Review/src/test/resources/features/login.feature:8)
]]></failure>
    <system-out><![CDATA[
@sprint1 @regression @smoke @newTestcase @newFeature @sprint2 @login @test
Scenario: Valid admin login                           # src/test/resources/features/login.feature:5
  When user enters valid admin username and password  # steps.LoginSteps.user_enters_valid_admin_username_and_password()
  And user clicks on login button                     # steps.LoginSteps.user_clicks_on_login_button()
  Then user is successfully logged in the application # steps.LoginSteps.user_is_successfully_logged_in_the_application()
      org.junit.ComparisonFailure: expected:<Welcome Admi[]> but was:<Welcome Admi[n]>
	at org.junit.Assert.assertEquals(Assert.java:117)
	at org.junit.Assert.assertEquals(Assert.java:146)
	at steps.LoginSteps.user_is_successfully_logged_in_the_application(LoginSteps.java:43)
	at âœ½.user is successfully logged in the application(file:///C:/Users/moazzam/Desktop/anotn/CucumberBatch16Review/src/test/resources/features/login.feature:8)


    Embedding Valid admin login [image/png 63052 bytes]

]]></system-out>
    <system-err><![CDATA[SLF4J: Failed to load class "org.slf4j.impl.StaticLoggerBinder".
SLF4J: Defaulting to no-operation (NOP) logger implementation
SLF4J: See http://www.slf4j.org/codes.html#StaticLoggerBinder for further details.
ERROR StatusLogger Log4j2 could not find a logging implementation. Please add log4j-core to the classpath. Using SimpleLogger to log to the console...
Starting ChromeDriver 114.0.5735.90 (386bc09e8f4f2e025eddae123f36f6263096ae49-refs/branch-heads/5735@{#1052}) on port 27710
Only local connections are allowed.
Please see https://chromedriver.chromium.org/security-considerations for suggestions on keeping ChromeDriver safe.
ChromeDriver was started successfully.
Jul 06, 2023 8:18:38 PM org.openqa.selenium.devtools.CdpVersionFinder findNearestMatch
WARNING: Unable to find an exact match for CDP version 114, so returning the closest version found: 111
log4j:WARN Continuable parsing error 4 and column 84
log4j:WARN Attribute "xmlns:log4j" with value "https://jakarta.apache.org/log4j/" must have a value of "http://jakarta.apache.org/log4j/".
]]></system-err>
  </testcase>
</testsuite>